Case #1: 
Impossible
Case #2: 
*...
*...
*...
*..c
Case #3: 
*..
*.c
Case #4: 
**
**
..
..
.c
Case #5: 
**
*c
Case #6: 
Impossible
Case #7: 
*****
*****
****c
Case #8: 
**
**
**
*c
Case #9: 
*...
*...
....
....
...c
Case #10: 
Impossible
Case #11: 
Impossible
Case #12: 
Impossible
Case #13: 
**..
*...
*...
*...
*..c
Case #14: 
Impossible
Case #15: 
Impossible
Case #16: 
*....
*....
*....
.....
....c
Case #17: 
.
c
Case #18: 
*....
*....
*....
*....
*...c
Case #19: 
**...
.....
.....
....c
Case #20: 
***
...
...
..c
Case #21: 
****c
Case #22: 
*
.
c
Case #23: 
*..
...
..c
Case #24: 
***..
*....
.....
....c
Case #25: 
....
....
....
...c
Case #26: 
Impossible
Case #27: 
Impossible
Case #28: 
***
*..
...
...
..c
Case #29: 
....
....
....
....
...c
Case #30: 
...
...
..c
Case #31: 
*
*
*
c
Case #32: 
..
..
..
.c
Case #33: 
**..
**..
*...
*...
*..c
Case #34: 
*..
*..
...
..c
Case #35: 
*....
.....
.....
.....
....c
Case #36: 
Impossible
Case #37: 
**
**
..
.c
Case #38: 
...
...
...
..c
Case #39: 
Impossible
Case #40: 
****
*...
*..c
Case #41: 
Impossible
Case #42: 
*****
**...
**...
**..c
Case #43: 
**...
**...
**...
**...
**..c
Case #44: 
.
.
.
.
c
Case #45: 
****
****
****
****
***c
Case #46: 
*****
*****
**...
**...
**..c
Case #47: 
Impossible
Case #48: 
****
**..
**.c
Case #49: 
Impossible
Case #50: 
Impossible
Case #51: 
Impossible
Case #52: 
Impossible
Case #53: 
Impossible
Case #54: 
...
..c
Case #55: 
*****
**...
**..c
Case #56: 
*...
*..c
Case #57: 
**..
*...
....
...c
Case #58: 
****
*...
*...
*..c
Case #59: 
Impossible
Case #60: 
***
***
**c
Case #61: 
....c
Case #62: 
***..
**...
**...
*....
*...c
Case #63: 
....
...c
Case #64: 
**...
*....
*...c
Case #65: 
**
**
*c
Case #66: 
*
.
.
c
Case #67: 
Impossible
Case #68: 
****
**..
**..
**.c
Case #69: 
***
***
***
**c
Case #70: 
Impossible
Case #71: 
*****
****c
Case #72: 
****
....
...c
Case #73: 
****
****
****
***c
Case #74: 
Impossible
Case #75: 
*****
*****
**...
**..c
Case #76: 
Impossible
Case #77: 
*....
*...c
Case #78: 
**..
**..
**..
*...
*..c
Case #79: 
Impossible
Case #80: 
***..
.....
.....
....c
Case #81: 
*
.
.
.
c
Case #82: 
*****
***..
.....
....c
Case #83: 
Impossible
Case #84: 
****
**..
**..
**..
**.c
Case #85: 
***
***
***
***
**c
Case #86: 
*
c
Case #87: 
Impossible
Case #88: 
*....
.....
.....
....c
Case #89: 
*****
***..
**...
**...
**..c
Case #90: 
*
*
*
.
c
Case #91: 
**..
....
...c
Case #92: 
****
****
**..
**.c
Case #93: 
*...
....
....
....
...c
Case #94: 
*****
*....
*...c
Case #95: 
**..
*...
*...
*..c
Case #96: 
***..
.....
....c
Case #97: 
*
*
.
.
c
Case #98: 
**...
**...
*....
*....
*...c
Case #99: 
***
***
...
...
..c
Case #100: 
Impossible
Case #101: 
*****
*****
***..
***..
***.c
Case #102: 
Impossible
Case #103: 
**..
**..
*...
*..c
Case #104: 
****
****
**..
**..
**.c
Case #105: 
Impossible
Case #106: 
**..c
Case #107: 
*****
.....
....c
Case #108: 
*****
***..
***.c
Case #109: 
*****
*****
.....
....c
Case #110: 
*....
*....
.....
.....
....c
Case #111: 
***..
***..
***..
***..
***.c
Case #112: 
*****
**...
.....
....c
Case #113: 
Impossible
Case #114: 
*****
***..
***..
***..
***.c
Case #115: 
Impossible
Case #116: 
Impossible
Case #117: 
**...
**...
**...
*....
*...c
Case #118: 
**..
*...
*...
....
...c
Case #119: 
.c
Case #120: 
*
*
c
Case #121: 
*...
....
...c
Case #122: 
***
**c
Case #123: 
....
....
...c
Case #124: 
Impossible
Case #125: 
*****
*....
.....
....c
Case #126: 
*..
...
...
..c
Case #127: 
*****
**...
*....
*...c
Case #128: 
**...
**..c
Case #129: 
Impossible
Case #130: 
Impossible
Case #131: 
*...
*...
*...
....
...c
Case #132: 
Impossible
Case #133: 
**...
*....
*....
*....
*...c
Case #134: 
***..
***..
**...
**...
**..c
Case #135: 
Impossible
Case #136: 
**...
.....
....c
Case #137: 
Impossible
Case #138: 
Impossible
Case #139: 
Impossible
Case #140: 
Impossible
Case #141: 
**...
*....
*....
.....
....c
Case #142: 
Impossible
Case #143: 
**
..
..
.c
Case #144: 
Impossible
Case #145: 
Impossible
Case #146: 
***
*..
*.c
Case #147: 
*...
....
....
...c
Case #148: 
***..
***.c
Case #149: 
*..c
Case #150: 
.....
.....
.....
....c
Case #151: 
Impossible
Case #152: 
..
..
..
..
.c
Case #153: 
*..
*..
*..
*.c
Case #154: 
**...
**...
**..c
Case #155: 
*...
*...
*...
*...
*..c
Case #156: 
***.c
Case #157: 
Impossible
Case #158: 
Impossible
Case #159: 
***..
**...
**...
**...
**..c
Case #160: 
Impossible
Case #161: 
Impossible
Case #162: 
***
***
*..
*.c
Case #163: 
**
..
.c
Case #164: 
Impossible
Case #165: 
*..
*..
*..
*..
*.c
Case #166: 
Impossible
Case #167: 
**.c
Case #168: 
*c
Case #169: 
*...
*...
*..c
Case #170: 
*...
*...
....
...c
Case #171: 
Impossible
Case #172: 
Impossible
Case #173: 
***
*..
*..
*.c
Case #174: 
***
*..
*..
*..
*.c
Case #175: 
***
***
*..
*..
*.c
Case #176: 
Impossible
Case #177: 
****
****
***c
Case #178: 
Impossible
Case #179: 
****
**..
*...
*...
*..c
Case #180: 
*
*
*
*
c
Case #181: 
****
****
*...
*...
*..c
Case #182: 
..c
Case #183: 
**
**
**
..
.c
Case #184: 
****
***c
Case #185: 
*.c
Case #186: 
*
*
.
c
Case #187: 
***
***
***
*..
*.c
Case #188: 
...c
Case #189: 
**..
**..
**..
**..
**.c
Case #190: 
*..
*..
...
...
..c
Case #191: 
*..
*..
*..
...
..c
Case #192: 
*....
.....
....c
Case #193: 
*****
*****
*....
*...c
Case #194: 
Impossible
Case #195: 
*****
.....
.....
....c
Case #196: 
Impossible
Case #197: 
*****
*****
*****
*****
****c
Case #198: 
*****
*****
*****
***..
***.c
Case #199: 
***..
***..
***..
**...
**..c
Case #200: 
Impossible
Case #201: 
***c
Case #202: 
*****
*****
***..
***.c
Case #203: 
Impossible
Case #204: 
.....
.....
.....
.....
....c
Case #205: 
..
..
.c
Case #206: 
**c
Case #207: 
*..
*..
*.c
Case #208: 
..
.c
Case #209: 
*****
*****
*****
****c
Case #210: 
**..
**..
**..
**.c
Case #211: 
...
...
...
...
..c
Case #212: 
Impossible
Case #213: 
Impossible
Case #214: 
*...c
Case #215: 
.....
....c
Case #216: 
c
Case #217: 
**
**
**
**
*c
Case #218: 
*..
...
...
...
..c
Case #219: 
**..
**.c
Case #220: 
.
.
.
c
Case #221: 
Impossible
Case #222: 
**
..
..
..
.c
Case #223: 
.
.
c
Case #224: 
.....
.....
....c
Case #225: 
****
****
****
**..
**.c
